0 info it worked if it ends with ok
1 verbose cli [ '/home/bigsizemike/.nvm/versions/node/v6.14.4/bin/node',
1 verbose cli   '/home/bigsizemike/.nvm/versions/node/v6.14.4/bin/npm',
1 verbose cli   'install' ]
2 info using npm@3.10.10
3 info using node@v6.14.4
4 silly loadCurrentTree Starting
5 silly install loadCurrentTree
6 silly install readLocalPackageData
7 silly install normalizeTree
8 silly loadCurrentTree Finishing
9 silly loadIdealTree Starting
10 silly install loadIdealTree
11 silly cloneCurrentTree Starting
12 silly install cloneCurrentTreeToIdealTree
13 silly cloneCurrentTree Finishing
14 silly loadShrinkwrap Starting
15 silly install loadShrinkwrap
16 silly loadShrinkwrap Finishing
17 silly loadAllDepsIntoIdealTree Starting
18 silly install loadAllDepsIntoIdealTree
19 silly fetchNamedPackageData winston
20 silly mapToRegistry name winston
21 silly mapToRegistry using default registry
22 silly mapToRegistry registry https://registry.npmjs.org/
23 silly mapToRegistry data Result {
23 silly mapToRegistry   raw: 'winston',
23 silly mapToRegistry   scope: null,
23 silly mapToRegistry   escapedName: 'winston',
23 silly mapToRegistry   name: 'winston',
23 silly mapToRegistry   rawSpec: '',
23 silly mapToRegistry   spec: 'latest',
23 silly mapToRegistry   type: 'tag' }
24 silly mapToRegistry uri https://registry.npmjs.org/winston
25 verbose request uri https://registry.npmjs.org/winston
26 verbose request no auth needed
27 info attempt registry request try #1 at 2:40:03 AM
28 verbose request id d1e7d485780e528b
29 verbose etag W/"9bc0d63e2c9f78f7d996337db80b0732"
30 verbose lastModified Fri, 19 Oct 2018 07:26:22 GMT
31 http request GET https://registry.npmjs.org/winston
32 http 304 https://registry.npmjs.org/winston
33 verbose headers { date: 'Sat, 22 Dec 2018 10:40:03 GMT',
33 verbose headers   connection: 'keep-alive',
33 verbose headers   'set-cookie': [ '__cfduid=d216e3774a5fe90f010aa7786756b6fbb1545475203; expires=Sun, 22-Dec-19 10:40:03 GMT; path=/; domain=.registry.npmjs.org; HttpOnly' ],
33 verbose headers   'cf-cache-status': 'HIT',
33 verbose headers   'cache-control': 'max-age=300',
33 verbose headers   'cf-ray': '48d1f7d40fe04596-TPE',
33 verbose headers   etag: '"9bc0d63e2c9f78f7d996337db80b0732"',
33 verbose headers   'expect-ct': 'max-age=604800, report-uri="https://report-uri.cloudflare.com/cdn-cgi/beacon/expect-ct"',
33 verbose headers   'last-modified': 'Fri, 19 Oct 2018 07:26:22 GMT',
33 verbose headers   vary: 'accept-encoding, accept',
33 verbose headers   'x-amz-meta-rev': '695-7800caa6c44a09586e3b4e573a5b2617',
33 verbose headers   server: 'cloudflare' }
34 silly get cb [ 304,
34 silly get   { date: 'Sat, 22 Dec 2018 10:40:03 GMT',
34 silly get     connection: 'keep-alive',
34 silly get     'set-cookie': [ '__cfduid=d216e3774a5fe90f010aa7786756b6fbb1545475203; expires=Sun, 22-Dec-19 10:40:03 GMT; path=/; domain=.registry.npmjs.org; HttpOnly' ],
34 silly get     'cf-cache-status': 'HIT',
34 silly get     'cache-control': 'max-age=300',
34 silly get     'cf-ray': '48d1f7d40fe04596-TPE',
34 silly get     etag: '"9bc0d63e2c9f78f7d996337db80b0732"',
34 silly get     'expect-ct': 'max-age=604800, report-uri="https://report-uri.cloudflare.com/cdn-cgi/beacon/expect-ct"',
34 silly get     'last-modified': 'Fri, 19 Oct 2018 07:26:22 GMT',
34 silly get     vary: 'accept-encoding, accept',
34 silly get     'x-amz-meta-rev': '695-7800caa6c44a09586e3b4e573a5b2617',
34 silly get     server: 'cloudflare' } ]
35 verbose etag https://registry.npmjs.org/winston from cache
36 verbose get saving winston to /home/bigsizemike/.npm/registry.npmjs.org/winston/.cache.json
37 verbose correctMkdir /home/bigsizemike/.npm correctMkdir not in flight; initializing
38 silly fetchNamedPackageData No valid target from cache, forcing network
39 verbose request uri https://registry.npmjs.org/winston
40 verbose request no auth needed
41 info attempt registry request try #1 at 2:40:03 AM
42 http request GET https://registry.npmjs.org/winston
43 http 200 https://registry.npmjs.org/winston
44 verbose headers { date: 'Sat, 22 Dec 2018 10:40:03 GMT',
44 verbose headers   'content-type': 'application/json',
44 verbose headers   'transfer-encoding': 'chunked',
44 verbose headers   connection: 'keep-alive',
44 verbose headers   'set-cookie': [ '__cfduid=d216e3774a5fe90f010aa7786756b6fbb1545475203; expires=Sun, 22-Dec-19 10:40:03 GMT; path=/; domain=.registry.npmjs.org; HttpOnly' ],
44 verbose headers   'cf-cache-status': 'HIT',
44 verbose headers   'cache-control': 'max-age=300',
44 verbose headers   'cf-ray': '48d1f7d44ff74596-TPE',
44 verbose headers   etag: 'W/"9bc0d63e2c9f78f7d996337db80b0732"',
44 verbose headers   'expect-ct': 'max-age=604800, report-uri="https://report-uri.cloudflare.com/cdn-cgi/beacon/expect-ct"',
44 verbose headers   'last-modified': 'Fri, 19 Oct 2018 07:26:22 GMT',
44 verbose headers   vary: 'accept-encoding, accept',
44 verbose headers   'x-amz-meta-rev': '695-7800caa6c44a09586e3b4e573a5b2617',
44 verbose headers   server: 'cloudflare',
44 verbose headers   'content-encoding': 'gzip' }
45 silly get cb [ 200,
45 silly get   { date: 'Sat, 22 Dec 2018 10:40:03 GMT',
45 silly get     'content-type': 'application/json',
45 silly get     'transfer-encoding': 'chunked',
45 silly get     connection: 'keep-alive',
45 silly get     'set-cookie': [ '__cfduid=d216e3774a5fe90f010aa7786756b6fbb1545475203; expires=Sun, 22-Dec-19 10:40:03 GMT; path=/; domain=.registry.npmjs.org; HttpOnly' ],
45 silly get     'cf-cache-status': 'HIT',
45 silly get     'cache-control': 'max-age=300',
45 silly get     'cf-ray': '48d1f7d44ff74596-TPE',
45 silly get     etag: 'W/"9bc0d63e2c9f78f7d996337db80b0732"',
45 silly get     'expect-ct': 'max-age=604800, report-uri="https://report-uri.cloudflare.com/cdn-cgi/beacon/expect-ct"',
45 silly get     'last-modified': 'Fri, 19 Oct 2018 07:26:22 GMT',
45 silly get     vary: 'accept-encoding, accept',
45 silly get     'x-amz-meta-rev': '695-7800caa6c44a09586e3b4e573a5b2617',
45 silly get     server: 'cloudflare',
45 silly get     'content-encoding': 'gzip' } ]
46 verbose get saving winston to /home/bigsizemike/.npm/registry.npmjs.org/winston/.cache.json
47 verbose correctMkdir /home/bigsizemike/.npm correctMkdir not in flight; initializing
48 silly fetchPackageMetaData Error: No compatible version found: winston@3.2.0
48 silly fetchPackageMetaData Valid install targets:
48 silly fetchPackageMetaData 3.1.0, 3.0.1, 3.0.0, 3.0.0-rc6, 3.0.0-rc5, 3.0.0-rc4, 3.0.0-rc3, 3.0.0-rc2, 3.0.0-rc1, 3.0.0-rc0, 2.4.4, 2.4.3, 2.4.2, 2.4.1, 2.4.0, 2.3.1, 2.3.0, 2.2.0, 2.1.1, 2.1.0, 2.0.1, 2.0.0, 1.1.2, 1.1.1, 1.1.0, 1.0.2, 1.0.1, 1.0.0, 0.9.0, 0.8.3, 0.8.2, 0.8.1, 0.8.0, 0.7.3, 0.7.2, 0.7.1, 0.7.0, 0.6.2, 0.6.1, 0.5.11, 0.5.10, 0.5.9, 0.5.8, 0.5.7, 0.5.6, 0.5.5, 0.5.4, 0.5.3, 0.5.2, 0.5.1, 0.5.0, 0.4.1, 0.4.0, 0.3.5, 0.3.4, 0.3.3, 0.2.11
48 silly fetchPackageMetaData
48 silly fetchPackageMetaData     at pickVersionFromRegistryDocument (/home/bigsizemike/.nvm/versions/node/v6.14.4/lib/node_modules/npm/lib/fetch-package-metadata.js:178:16)
48 silly fetchPackageMetaData     at /home/bigsizemike/.nvm/versions/node/v6.14.4/lib/node_modules/npm/node_modules/iferr/index.js:13:50
48 silly fetchPackageMetaData     at /home/bigsizemike/.nvm/versions/node/v6.14.4/lib/node_modules/npm/lib/utils/pulse-till-done.js:20:8
48 silly fetchPackageMetaData     at saved (/home/bigsizemike/.nvm/versions/node/v6.14.4/lib/node_modules/npm/lib/cache/caching-client.js:174:7)
48 silly fetchPackageMetaData     at /home/bigsizemike/.nvm/versions/node/v6.14.4/lib/node_modules/npm/node_modules/graceful-fs/polyfills.js:241:18
48 silly fetchPackageMetaData     at FSReqWrap.oncomplete (fs.js:123:15)
48 silly fetchPackageMetaData  error for winston@3.2.0 { Error: No compatible version found: winston@3.2.0
48 silly fetchPackageMetaData Valid install targets:
48 silly fetchPackageMetaData 3.1.0, 3.0.1, 3.0.0, 3.0.0-rc6, 3.0.0-rc5, 3.0.0-rc4, 3.0.0-rc3, 3.0.0-rc2, 3.0.0-rc1, 3.0.0-rc0, 2.4.4, 2.4.3, 2.4.2, 2.4.1, 2.4.0, 2.3.1, 2.3.0, 2.2.0, 2.1.1, 2.1.0, 2.0.1, 2.0.0, 1.1.2, 1.1.1, 1.1.0, 1.0.2, 1.0.1, 1.0.0, 0.9.0, 0.8.3, 0.8.2, 0.8.1, 0.8.0, 0.7.3, 0.7.2, 0.7.1, 0.7.0, 0.6.2, 0.6.1, 0.5.11, 0.5.10, 0.5.9, 0.5.8, 0.5.7, 0.5.6, 0.5.5, 0.5.4, 0.5.3, 0.5.2, 0.5.1, 0.5.0, 0.4.1, 0.4.0, 0.3.5, 0.3.4, 0.3.3, 0.2.11
48 silly fetchPackageMetaData
48 silly fetchPackageMetaData     at pickVersionFromRegistryDocument (/home/bigsizemike/.nvm/versions/node/v6.14.4/lib/node_modules/npm/lib/fetch-package-metadata.js:178:16)
48 silly fetchPackageMetaData     at /home/bigsizemike/.nvm/versions/node/v6.14.4/lib/node_modules/npm/node_modules/iferr/index.js:13:50
48 silly fetchPackageMetaData     at /home/bigsizemike/.nvm/versions/node/v6.14.4/lib/node_modules/npm/lib/utils/pulse-till-done.js:20:8
48 silly fetchPackageMetaData     at saved (/home/bigsizemike/.nvm/versions/node/v6.14.4/lib/node_modules/npm/lib/cache/caching-client.js:174:7)
48 silly fetchPackageMetaData     at /home/bigsizemike/.nvm/versions/node/v6.14.4/lib/node_modules/npm/node_modules/graceful-fs/polyfills.js:241:18
48 silly fetchPackageMetaData     at FSReqWrap.oncomplete (fs.js:123:15) code: 'ETARGET' }
49 silly rollbackFailedOptional Starting
50 silly rollbackFailedOptional Finishing
51 silly runTopLevelLifecycles Finishing
52 silly install printInstalled
53 verbose stack Error: No compatible version found: winston@3.2.0
53 verbose stack Valid install targets:
53 verbose stack 3.1.0, 3.0.1, 3.0.0, 3.0.0-rc6, 3.0.0-rc5, 3.0.0-rc4, 3.0.0-rc3, 3.0.0-rc2, 3.0.0-rc1, 3.0.0-rc0, 2.4.4, 2.4.3, 2.4.2, 2.4.1, 2.4.0, 2.3.1, 2.3.0, 2.2.0, 2.1.1, 2.1.0, 2.0.1, 2.0.0, 1.1.2, 1.1.1, 1.1.0, 1.0.2, 1.0.1, 1.0.0, 0.9.0, 0.8.3, 0.8.2, 0.8.1, 0.8.0, 0.7.3, 0.7.2, 0.7.1, 0.7.0, 0.6.2, 0.6.1, 0.5.11, 0.5.10, 0.5.9, 0.5.8, 0.5.7, 0.5.6, 0.5.5, 0.5.4, 0.5.3, 0.5.2, 0.5.1, 0.5.0, 0.4.1, 0.4.0, 0.3.5, 0.3.4, 0.3.3, 0.2.11
53 verbose stack
53 verbose stack     at pickVersionFromRegistryDocument (/home/bigsizemike/.nvm/versions/node/v6.14.4/lib/node_modules/npm/lib/fetch-package-metadata.js:178:16)
53 verbose stack     at /home/bigsizemike/.nvm/versions/node/v6.14.4/lib/node_modules/npm/node_modules/iferr/index.js:13:50
53 verbose stack     at /home/bigsizemike/.nvm/versions/node/v6.14.4/lib/node_modules/npm/lib/utils/pulse-till-done.js:20:8
53 verbose stack     at saved (/home/bigsizemike/.nvm/versions/node/v6.14.4/lib/node_modules/npm/lib/cache/caching-client.js:174:7)
53 verbose stack     at /home/bigsizemike/.nvm/versions/node/v6.14.4/lib/node_modules/npm/node_modules/graceful-fs/polyfills.js:241:18
53 verbose stack     at FSReqWrap.oncomplete (fs.js:123:15)
54 verbose cwd /home/bigsizemike/jmike/node-Casigo
55 error Linux 4.4.0-139-generic
56 error argv "/home/bigsizemike/.nvm/versions/node/v6.14.4/bin/node" "/home/bigsizemike/.nvm/versions/node/v6.14.4/bin/npm" "install"
57 error node v6.14.4
58 error npm  v3.10.10
59 error code ETARGET
60 error notarget No compatible version found: winston@3.2.0
60 error notarget Valid install targets:
60 error notarget 3.1.0, 3.0.1, 3.0.0, 3.0.0-rc6, 3.0.0-rc5, 3.0.0-rc4, 3.0.0-rc3, 3.0.0-rc2, 3.0.0-rc1, 3.0.0-rc0, 2.4.4, 2.4.3, 2.4.2, 2.4.1, 2.4.0, 2.3.1, 2.3.0, 2.2.0, 2.1.1, 2.1.0, 2.0.1, 2.0.0, 1.1.2, 1.1.1, 1.1.0, 1.0.2, 1.0.1, 1.0.0, 0.9.0, 0.8.3, 0.8.2, 0.8.1, 0.8.0, 0.7.3, 0.7.2, 0.7.1, 0.7.0, 0.6.2, 0.6.1, 0.5.11, 0.5.10, 0.5.9, 0.5.8, 0.5.7, 0.5.6, 0.5.5, 0.5.4, 0.5.3, 0.5.2, 0.5.1, 0.5.0, 0.4.1, 0.4.0, 0.3.5, 0.3.4, 0.3.3, 0.2.11
61 error notarget This is most likely not a problem with npm itself.
61 error notarget In most cases you or one of your dependencies are requesting
61 error notarget a package version that doesn't exist.
61 error notarget
61 error notarget It was specified as a dependency of 'casigo'
62 verbose exit [ 1, true ]
